<?xml version="1.0" encoding="UTF-8"?>
<!-- Generated by org.testng.reporters.JUnitReportReporter -->
<testsuite hostname="DESKTOP-COU932T" failures="0" tests="2" name="CreateNewAccountUser.UserRegestrationRunner" time="39.401" errors="0" timestamp="2021-09-05T02:49:01 EET" skipped="0">
  <testcase classname="CreateNewAccountUser.UserRegestrationRunner" name="feature" time="39.397"/>
  <system-out/>
  <testcase classname="CreateNewAccountUser.UserRegestrationRunner" name="f" time="0.004"/>
  <system-out/>
</testsuite> <!-- CreateNewAccountUser.UserRegestrationRunner -->
