<?xml version="1.0" encoding="UTF-8"?>
<!-- Generated by org.testng.reporters.JUnitReportReporter -->
<testsuite hostname="DESKTOP-COU932T" failures="0" tests="2" name="loginAsNewUser.UserRegestrationRunner" time="61.420" errors="0" timestamp="2021-09-04T01:59:20 EET" skipped="0">
  <testcase classname="loginAsNewUser.UserRegestrationRunner" name="feature" time="61.416"/>
  <system-out/>
  <testcase classname="loginAsNewUser.UserRegestrationRunner" name="f" time="0.004"/>
  <system-out/>
</testsuite> <!-- loginAsNewUser.UserRegestrationRunner -->
