<?xml version="1.0" encoding="UTF-8"?>
<!-- Generated by org.testng.reporters.JUnitReportReporter -->
<testsuite hostname="DESKTOP-COU932T" failures="0" tests="2" name="selectBlouseAndCardCheckoutWithOrderValidation.selectBlouseFollowCheckOutRunner" time="80.813" errors="0" timestamp="2021-09-05T02:44:42 EET" skipped="0">
  <testcase classname="selectBlouseAndCardCheckoutWithOrderValidation.selectBlouseFollowCheckOutRunner" name="feature" time="80.811"/>
  <system-out/>
  <testcase classname="selectBlouseAndCardCheckoutWithOrderValidation.selectBlouseFollowCheckOutRunner" name="f" time="0.002"/>
  <system-out/>
</testsuite> <!-- selectBlouseAndCardCheckoutWithOrderValidation.selectBlouseFollowCheckOutRunner -->
